2012-02-24 19:25:02 Error: [MissingViewException] View file "E:\wamp2.2\www\noodleapps\na-backend\View\Themed\Blue\Engadgets\admin_batch_process.ctp" is missing.
#0 E:\wamp2.2\www\noodleapps\lib\Cake\View\View.php(460): View->_getViewFileName(NULL)
#1 E:\wamp2.2\www\noodleapps\lib\Cake\Controller\Controller.php(938): View->render(NULL, NULL)
#2 E:\wamp2.2\www\noodleapps\lib\Cake\Routing\Dispatcher.php(111): Controller->render()
#3 E:\wamp2.2\www\noodleapps\lib\Cake\Routing\Dispatcher.php(86): Dispatcher->_invoke(Object(EngadgetsController), Object(CakeRequest), Object(CakeResponse))
#4 E:\wamp2.2\www\noodleapps\na-backend\webroot\index.php(96): Dispatcher->dispatch(Object(CakeRequest), Object(CakeResponse))
#5 {main}
2012-02-24 19:26:38 Error: [MissingViewException] View file "E:\wamp2.2\www\noodleapps\na-backend\View\Themed\Blue\Engadgets\admin_batch_process.ctp" is missing.
#0 E:\wamp2.2\www\noodleapps\lib\Cake\View\View.php(460): View->_getViewFileName(NULL)
#1 E:\wamp2.2\www\noodleapps\lib\Cake\Controller\Controller.php(938): View->render(NULL, NULL)
#2 E:\wamp2.2\www\noodleapps\lib\Cake\Routing\Dispatcher.php(111): Controller->render()
#3 E:\wamp2.2\www\noodleapps\lib\Cake\Routing\Dispatcher.php(86): Dispatcher->_invoke(Object(EngadgetsController), Object(CakeRequest), Object(CakeResponse))
#4 E:\wamp2.2\www\noodleapps\na-backend\webroot\index.php(96): Dispatcher->dispatch(Object(CakeRequest), Object(CakeResponse))
#5 {main}
2012-02-24 19:27:27 Error: [MissingViewException] View file "E:\wamp2.2\www\noodleapps\na-backend\View\Themed\Blue\Engadgets\admin_batch_process.ctp" is missing.
#0 E:\wamp2.2\www\noodleapps\lib\Cake\View\View.php(460): View->_getViewFileName(NULL)
#1 E:\wamp2.2\www\noodleapps\lib\Cake\Controller\Controller.php(938): View->render(NULL, NULL)
#2 E:\wamp2.2\www\noodleapps\lib\Cake\Routing\Dispatcher.php(111): Controller->render()
#3 E:\wamp2.2\www\noodleapps\lib\Cake\Routing\Dispatcher.php(86): Dispatcher->_invoke(Object(EngadgetsController), Object(CakeRequest), Object(CakeResponse))
#4 E:\wamp2.2\www\noodleapps\na-backend\webroot\index.php(96): Dispatcher->dispatch(Object(CakeRequest), Object(CakeResponse))
#5 {main}
2012-02-24 19:28:03 Error: [MissingViewException] View file "E:\wamp2.2\www\noodleapps\na-backend\View\Themed\Blue\Engadgets\admin_batch_process.ctp" is missing.
#0 E:\wamp2.2\www\noodleapps\lib\Cake\View\View.php(460): View->_getViewFileName(NULL)
#1 E:\wamp2.2\www\noodleapps\lib\Cake\Controller\Controller.php(938): View->render(NULL, NULL)
#2 E:\wamp2.2\www\noodleapps\lib\Cake\Routing\Dispatcher.php(111): Controller->render()
#3 E:\wamp2.2\www\noodleapps\lib\Cake\Routing\Dispatcher.php(86): Dispatcher->_invoke(Object(EngadgetsController), Object(CakeRequest), Object(CakeResponse))
#4 E:\wamp2.2\www\noodleapps\na-backend\webroot\index.php(96): Dispatcher->dispatch(Object(CakeRequest), Object(CakeResponse))
#5 {main}
2012-02-24 19:28:15 Error: [MissingViewException] View file "E:\wamp2.2\www\noodleapps\na-backend\View\Themed\Blue\Engadgets\admin_batch_process.ctp" is missing.
#0 E:\wamp2.2\www\noodleapps\lib\Cake\View\View.php(460): View->_getViewFileName(NULL)
#1 E:\wamp2.2\www\noodleapps\lib\Cake\Controller\Controller.php(938): View->render(NULL, NULL)
#2 E:\wamp2.2\www\noodleapps\lib\Cake\Routing\Dispatcher.php(111): Controller->render()
#3 E:\wamp2.2\www\noodleapps\lib\Cake\Routing\Dispatcher.php(86): Dispatcher->_invoke(Object(EngadgetsController), Object(CakeRequest), Object(CakeResponse))
#4 E:\wamp2.2\www\noodleapps\na-backend\webroot\index.php(96): Dispatcher->dispatch(Object(CakeRequest), Object(CakeResponse))
#5 {main}
2012-02-24 19:28:36 Error: [MissingViewException] View file "E:\wamp2.2\www\noodleapps\na-backend\View\Themed\Blue\Engadgets\admin_batch_process.ctp" is missing.
#0 E:\wamp2.2\www\noodleapps\lib\Cake\View\View.php(460): View->_getViewFileName(NULL)
#1 E:\wamp2.2\www\noodleapps\lib\Cake\Controller\Controller.php(938): View->render(NULL, NULL)
#2 E:\wamp2.2\www\noodleapps\lib\Cake\Routing\Dispatcher.php(111): Controller->render()
#3 E:\wamp2.2\www\noodleapps\lib\Cake\Routing\Dispatcher.php(86): Dispatcher->_invoke(Object(EngadgetsController), Object(CakeRequest), Object(CakeResponse))
#4 E:\wamp2.2\www\noodleapps\na-backend\webroot\index.php(96): Dispatcher->dispatch(Object(CakeRequest), Object(CakeResponse))
#5 {main}
2012-02-24 19:29:11 Error: [MissingViewException] View file "E:\wamp2.2\www\noodleapps\na-backend\View\Themed\Blue\Engadgets\admin_batch_process.ctp" is missing.
#0 E:\wamp2.2\www\noodleapps\lib\Cake\View\View.php(460): View->_getViewFileName(NULL)
#1 E:\wamp2.2\www\noodleapps\lib\Cake\Controller\Controller.php(938): View->render(NULL, NULL)
#2 E:\wamp2.2\www\noodleapps\lib\Cake\Routing\Dispatcher.php(111): Controller->render()
#3 E:\wamp2.2\www\noodleapps\lib\Cake\Routing\Dispatcher.php(86): Dispatcher->_invoke(Object(EngadgetsController), Object(CakeRequest), Object(CakeResponse))
#4 E:\wamp2.2\www\noodleapps\na-backend\webroot\index.php(96): Dispatcher->dispatch(Object(CakeRequest), Object(CakeResponse))
#5 {main}
2012-02-25 02:39:43 Error: [MissingViewException] View file "E:\wamp2.2\www\noodleapps\na-backend\View\Themed\Blue\Engadgets\admin_batch_process.ctp" is missing.
#0 E:\wamp2.2\www\noodleapps\lib\Cake\View\View.php(460): View->_getViewFileName(NULL)
#1 E:\wamp2.2\www\noodleapps\lib\Cake\Controller\Controller.php(938): View->render(NULL, NULL)
#2 E:\wamp2.2\www\noodleapps\lib\Cake\Routing\Dispatcher.php(111): Controller->render()
#3 E:\wamp2.2\www\noodleapps\lib\Cake\Routing\Dispatcher.php(86): Dispatcher->_invoke(Object(EngadgetsController), Object(CakeRequest), Object(CakeResponse))
#4 E:\wamp2.2\www\noodleapps\na-backend\webroot\index.php(96): Dispatcher->dispatch(Object(CakeRequest), Object(CakeResponse))
#5 {main}
2012-02-25 02:47:06 Error: [MissingViewException] View file "E:\wamp2.2\www\noodleapps\na-backend\View\Themed\Blue\Engadgets\admin_batch_process.ctp" is missing.
#0 E:\wamp2.2\www\noodleapps\lib\Cake\View\View.php(460): View->_getViewFileName(NULL)
#1 E:\wamp2.2\www\noodleapps\lib\Cake\Controller\Controller.php(938): View->render(NULL, NULL)
#2 E:\wamp2.2\www\noodleapps\lib\Cake\Routing\Dispatcher.php(111): Controller->render()
#3 E:\wamp2.2\www\noodleapps\lib\Cake\Routing\Dispatcher.php(86): Dispatcher->_invoke(Object(EngadgetsController), Object(CakeRequest), Object(CakeResponse))
#4 E:\wamp2.2\www\noodleapps\na-backend\webroot\index.php(96): Dispatcher->dispatch(Object(CakeRequest), Object(CakeResponse))
#5 {main}
2012-02-25 02:50:06 Error: [MissingViewException] View file "E:\wamp2.2\www\noodleapps\na-backend\View\Themed\Blue\Engadgets\admin_batch_process.ctp" is missing.
#0 E:\wamp2.2\www\noodleapps\lib\Cake\View\View.php(460): View->_getViewFileName(NULL)
#1 E:\wamp2.2\www\noodleapps\lib\Cake\Controller\Controller.php(938): View->render(NULL, NULL)
#2 E:\wamp2.2\www\noodleapps\lib\Cake\Routing\Dispatcher.php(111): Controller->render()
#3 E:\wamp2.2\www\noodleapps\lib\Cake\Routing\Dispatcher.php(86): Dispatcher->_invoke(Object(EngadgetsController), Object(CakeRequest), Object(CakeResponse))
#4 E:\wamp2.2\www\noodleapps\na-backend\webroot\index.php(96): Dispatcher->dispatch(Object(CakeRequest), Object(CakeResponse))
#5 {main}
2012-02-25 02:51:23 Error: [MissingViewException] View file "E:\wamp2.2\www\noodleapps\na-backend\View\Themed\Blue\Engadgets\admin_batch_process.ctp" is missing.
#0 E:\wamp2.2\www\noodleapps\lib\Cake\View\View.php(460): View->_getViewFileName(NULL)
#1 E:\wamp2.2\www\noodleapps\lib\Cake\Controller\Controller.php(938): View->render(NULL, NULL)
#2 E:\wamp2.2\www\noodleapps\lib\Cake\Routing\Dispatcher.php(111): Controller->render()
#3 E:\wamp2.2\www\noodleapps\lib\Cake\Routing\Dispatcher.php(86): Dispatcher->_invoke(Object(EngadgetsController), Object(CakeRequest), Object(CakeResponse))
#4 E:\wamp2.2\www\noodleapps\na-backend\webroot\index.php(96): Dispatcher->dispatch(Object(CakeRequest), Object(CakeResponse))
#5 {main}
2012-02-25 03:00:11 Error: [MissingViewException] View file "E:\wamp2.2\www\noodleapps\na-backend\View\Themed\Blue\Engadgets\admin_batch_process.ctp" is missing.
#0 E:\wamp2.2\www\noodleapps\lib\Cake\View\View.php(460): View->_getViewFileName(NULL)
#1 E:\wamp2.2\www\noodleapps\lib\Cake\Controller\Controller.php(938): View->render(NULL, NULL)
#2 E:\wamp2.2\www\noodleapps\lib\Cake\Routing\Dispatcher.php(111): Controller->render()
#3 E:\wamp2.2\www\noodleapps\lib\Cake\Routing\Dispatcher.php(86): Dispatcher->_invoke(Object(EngadgetsController), Object(CakeRequest), Object(CakeResponse))
#4 E:\wamp2.2\www\noodleapps\na-backend\webroot\index.php(96): Dispatcher->dispatch(Object(CakeRequest), Object(CakeResponse))
#5 {main}
